# JRE version: OpenJDK Runtime Environment (21.0.9) (build 21.0.9+-14787801-b1163.94)
# Java VM: OpenJDK 64-Bit Server VM (21.0.9+-14787801-b1163.94, mixed mode, tiered, compressed oops, compressed class ptrs, g1 gc, windows-amd64)
GC Precious Log:
 CardTable entry size: 512
 Card Set container configuration: InlinePtr #cards 5 size 8 Array Of Cards #cards 12 size 40 Howl #buckets 4 coarsen threshold 1843 Howl Bitmap #cards 512 size 80 coarsen threshold 460 Card regions per heap region 1 cards per card region 2048
 CPUs: 8 total, 8 available
 Memory: 6020M
 Large Page Support: Disabled
 NUMA Support: Disabled
 Compressed Oops: Enabled (32-bit)
 Heap Region Size: 1M
 Heap Min Capacity: 8M
 Heap Initial Capacity: 96M
 Heap Max Capacity: 1506M
 Pre-touch: Disabled
 Parallel Workers: 8
 Concurrent Workers: 2
 Concurrent Refinement Workers: 8
 Periodic GC: Disabled
Heap:
 garbage-first heap   total 29696K, used 11894K [0x00000000a1e00000, 0x0000000100000000)
  region size 1024K, 2 young (2048K), 1 survivors (1024K)
 Metaspace       used 42712K, committed 43136K, reserved 1114112K
  class space    used 4244K, committed 4416K, reserved 1048576K
GC Heap History (20 events):
Event: 1.659 GC heap before
{Heap before GC invocations=1 (full 0):
 garbage-first heap   total 98304K, used 17685K [0x00000000a1e00000, 0x0000000100000000)
  region size 1024K, 17 young (17408K), 3 survivors (3072K)
 Metaspace       used 21272K, committed 21504K, reserved 1114112K
  class space    used 2125K, committed 2240K, reserved 1048576K
}
Event: 1.663 GC heap after
{Heap after GC invocations=2 (full 0):
 garbage-first heap   total 98304K, used 6367K [0x00000000a1e00000, 0x0000000100000000)
  region size 1024K, 2 young (2048K), 2 survivors (2048K)
 Metaspace       used 21272K, committed 21504K, reserved 1114112K
  class space    used 2125K, committed 2240K, reserved 1048576K
}
Event: 2.575 GC heap before
{Heap before GC invocations=3 (full 0):
 garbage-first heap   total 27648K, used 25823K [0x00000000a1e00000, 0x0000000100000000)
  region size 1024K, 21 young (21504K), 2 survivors (2048K)
 Metaspace       used 26116K, committed 26432K, reserved 1114112K
  class space    used 2600K, committed 2752K, reserved 1048576K
}
Event: 2.577 GC heap after
{Heap after GC invocations=4 (full 0):
 garbage-first heap   total 29696K, used 7105K [0x00000000a1e00000, 0x0000000100000000)
  region size 1024K, 2 young (2048K), 2 survivors (2048K)
 Metaspace       used 26116K, committed 26432K, reserved 1114112K
  class space    used 2600K, committed 2752K, reserved 1048576K
}
Event: 3.530 GC heap before
{Heap before GC invocations=4 (full 0):
 garbage-first heap   total 29696K, used 22465K [0x00000000a1e00000, 0x0000000100000000)
  region size 1024K, 17 young (17408K), 2 survivors (2048K)
 Metaspace       used 27772K, committed 27968K, reserved 1114112K
  class space    used 2780K, committed 2880K, reserved 1048576K
}
Event: 3.534 GC heap after
{Heap after GC invocations=5 (full 0):
 garbage-first heap   total 29696K, used 7275K [0x00000000a1e00000, 0x0000000100000000)
  region size 1024K, 2 young (2048K), 2 survivors (2048K)
 Metaspace       used 27772K, committed 27968K, reserved 1114112K
  class space    used 2780K, committed 2880K, reserved 1048576K
}
Event: 4.341 GC heap before
{Heap before GC invocations=5 (full 0):
 garbage-first heap   total 29696K, used 21611K [0x00000000a1e00000, 0x0000000100000000)
  region size 1024K, 17 young (17408K), 2 survivors (2048K)
 Metaspace       used 31626K, committed 31936K, reserved 1114112K
  class space    used 3179K, committed 3328K, reserved 1048576K
}
Event: 4.343 GC heap after
{Heap after GC invocations=6 (full 0):
 garbage-first heap   total 29696K, used 7779K [0x00000000a1e00000, 0x0000000100000000)
  region size 1024K, 2 young (2048K), 2 survivors (2048K)
 Metaspace       used 31626K, committed 31936K, reserved 1114112K
  class space    used 3179K, committed 3328K, reserved 1048576K
}
Event: 5.059 GC heap before
{Heap before GC invocations=6 (full 0):
 garbage-first heap   total 29696K, used 23139K [0x00000000a1e00000, 0x0000000100000000)
  region size 1024K, 17 young (17408K), 2 survivors (2048K)
 Metaspace       used 35473K, committed 35904K, reserved 1114112K
  class space    used 3663K, committed 3840K, reserved 1048576K
}
Event: 5.062 GC heap after
{Heap after GC invocations=7 (full 0):
 garbage-first heap   total 29696K, used 8748K [0x00000000a1e00000, 0x0000000100000000)
  region size 1024K, 2 young (2048K), 2 survivors (2048K)
 Metaspace       used 35473K, committed 35904K, reserved 1114112K
  class space    used 3663K, committed 3840K, reserved 1048576K
}
Event: 5.074 GC heap before
{Heap before GC invocations=7 (full 0):
 garbage-first heap   total 29696K, used 8748K [0x00000000a1e00000, 0x0000000100000000)
  region size 1024K, 3 young (3072K), 2 survivors (2048K)
 Metaspace       used 35553K, committed 35968K, reserved 1114112K
  class space    used 3677K, committed 3840K, reserved 1048576K
}
Event: 5.076 GC heap after
{Heap after GC invocations=8 (full 0):
 garbage-first heap   total 29696K, used 8745K [0x00000000a1e00000, 0x0000000100000000)
  region size 1024K, 2 young (2048K), 2 survivors (2048K)
 Metaspace       used 35553K, committed 35968K, reserved 1114112K
  class space    used 3677K, committed 3840K, reserved 1048576K
}
Event: 12.206 GC heap before
{Heap before GC invocations=9 (full 0):
 garbage-first heap   total 29696K, used 26153K [0x00000000a1e00000, 0x0000000100000000)
  region size 1024K, 17 young (17408K), 2 survivors (2048K)
 Metaspace       used 40267K, committed 40640K, reserved 1114112K
  class space    used 4087K, committed 4224K, reserved 1048576K
}
Event: 12.209 GC heap after
{Heap after GC invocations=10 (full 0):
 garbage-first heap   total 29696K, used 11447K [0x00000000a1e00000, 0x0000000100000000)
  region size 1024K, 3 young (3072K), 3 survivors (3072K)
 Metaspace       used 40267K, committed 40640K, reserved 1114112K
  class space    used 4087K, committed 4224K, reserved 1048576K
}
Event: 18.582 GC heap before
{Heap before GC invocations=10 (full 0):
 garbage-first heap   total 29696K, used 25783K [0x00000000a1e00000, 0x0000000100000000)
  region size 1024K, 17 young (17408K), 3 survivors (3072K)
 Metaspace       used 41375K, committed 41792K, reserved 1114112K
  class space    used 4151K, committed 4288K, reserved 1048576K
}
Event: 18.586 GC heap after
{Heap after GC invocations=11 (full 0):
 garbage-first heap   total 29696K, used 11763K [0x00000000a1e00000, 0x0000000100000000)
  region size 1024K, 2 young (2048K), 2 survivors (2048K)
 Metaspace       used 41375K, committed 41792K, reserved 1114112K
  class space    used 4151K, committed 4288K, reserved 1048576K
}
Event: 24.550 GC heap before
{Heap before GC invocations=11 (full 0):
 garbage-first heap   total 29696K, used 26099K [0x00000000a1e00000, 0x0000000100000000)
  region size 1024K, 16 young (16384K), 2 survivors (2048K)
 Metaspace       used 42265K, committed 42752K, reserved 1114112K
  class space    used 4221K, committed 4416K, reserved 1048576K
}
Event: 24.554 GC heap after
{Heap after GC invocations=12 (full 0):
 garbage-first heap   total 29696K, used 11950K [0x00000000a1e00000, 0x0000000100000000)
  region size 1024K, 2 young (2048K), 2 survivors (2048K)
 Metaspace       used 42265K, committed 42752K, reserved 1114112K
  class space    used 4221K, committed 4416K, reserved 1048576K
}
Event: 31.539 GC heap before
{Heap before GC invocations=12 (full 0):
 garbage-first heap   total 29696K, used 23214K [0x00000000a1e00000, 0x0000000100000000)
  region size 1024K, 14 young (14336K), 2 survivors (2048K)
 Metaspace       used 42394K, committed 42880K, reserved 1114112K
  class space    used 4221K, committed 4416K, reserved 1048576K
}
Event: 31.664 GC heap after
{Heap after GC invocations=13 (full 1):
 garbage-first heap   total 29696K, used 11111K [0x00000000a1e00000, 0x0000000100000000)
  region size 1024K, 0 young (0K), 0 survivors (0K)
 Metaspace       used 42394K, committed 42880K, reserved 1114112K
  class space    used 4221K, committed 4416K, reserved 1048576K
}

