# JRE version: OpenJDK Runtime Environment Temurin-25.0.2+10 (25.0.2+10) (build 25.0.2+10-LTS)
# Java VM: OpenJDK 64-Bit Server VM Temurin-25.0.2+10 (25.0.2+10-LTS, mixed mode, sharing, tiered, compressed oops, compressed class ptrs, g1 gc, windows-amd64)
GC Precious Log:
 CardTable entry size: 512
 Card Set container configuration: InlinePtr #cards 4 size 8 Array Of Cards #cards 16 size 48 Howl #buckets 8 coarsen threshold 3686 Howl Bitmap #cards 512 size 80 coarsen threshold 460 Card regions per heap region 1 cards per card region 4096
 CPUs: 8 total, 8 available
 Memory: 6020M
 Large Page Support: Disabled
 NUMA Support: Disabled
 Compressed Oops: Enabled (Zero based)
 Heap Region Size: 2M
 Heap Min Capacity: 8M
 Heap Initial Capacity: 96M
 Heap Max Capacity: 3G
 Pre-touch: Disabled
 Parallel Workers: 8
 Concurrent Workers: 2
 Concurrent Refinement Workers: 8
 Periodic GC: Disabled
Heap:
 garbage-first heap   total reserved 3145728K, committed 382976K, used 299194K [0x0000000740000000, 0x0000000800000000)
  region size 2048K, 40 young (81920K), 7 survivors (14336K)
GC Heap Usage History (20 events):
Event: 79.432 {heap Before GC invocations=46 (full 0):
 garbage-first heap   total reserved 3145728K, committed 231424K, used 199391K [0x0000000740000000, 0x0000000800000000)
  region size 2048K, 21 young (43008K), 4 survivors (8192K)
}
Event: 79.448 {heap After GC invocations=47 (full 0):
 garbage-first heap   total reserved 3145728K, committed 231424K, used 175201K [0x0000000740000000, 0x0000000800000000)
  region size 2048K, 3 young (6144K), 3 survivors (6144K)
}
Event: 82.044 {heap Before GC invocations=48 (full 0):
 garbage-first heap   total reserved 3145728K, committed 294912K, used 207969K [0x0000000740000000, 0x0000000800000000)
  region size 2048K, 19 young (38912K), 3 survivors (6144K)
}
Event: 82.057 {heap After GC invocations=49 (full 0):
 garbage-first heap   total reserved 3145728K, committed 294912K, used 180563K [0x0000000740000000, 0x0000000800000000)
  region size 2048K, 3 young (6144K), 3 survivors (6144K)
}
Event: 85.900 {heap Before GC invocations=49 (full 0):
 garbage-first heap   total reserved 3145728K, committed 294912K, used 250195K [0x0000000740000000, 0x0000000800000000)
  region size 2048K, 37 young (75776K), 3 survivors (6144K)
}
Event: 85.931 {heap After GC invocations=50 (full 0):
 garbage-first heap   total reserved 3145728K, committed 294912K, used 182102K [0x0000000740000000, 0x0000000800000000)
  region size 2048K, 4 young (8192K), 4 survivors (8192K)
}
Event: 90.956 {heap Before GC invocations=50 (full 0):
 garbage-first heap   total reserved 3145728K, committed 294912K, used 253782K [0x0000000740000000, 0x0000000800000000)
  region size 2048K, 39 young (79872K), 4 survivors (8192K)
}
Event: 90.971 {heap After GC invocations=51 (full 0):
 garbage-first heap   total reserved 3145728K, committed 294912K, used 191653K [0x0000000740000000, 0x0000000800000000)
  region size 2048K, 5 young (10240K), 5 survivors (10240K)
}
Event: 94.082 {heap Before GC invocations=51 (full 0):
 garbage-first heap   total reserved 3145728K, committed 294912K, used 261285K [0x0000000740000000, 0x0000000800000000)
  region size 2048K, 39 young (79872K), 5 survivors (10240K)
}
Event: 94.114 {heap After GC invocations=52 (full 0):
 garbage-first heap   total reserved 3145728K, committed 294912K, used 206833K [0x0000000740000000, 0x0000000800000000)
  region size 2048K, 5 young (10240K), 5 survivors (10240K)
}
Event: 97.901 {heap Before GC invocations=53 (full 0):
 garbage-first heap   total reserved 3145728K, committed 346112K, used 264177K [0x0000000740000000, 0x0000000800000000)
  region size 2048K, 33 young (67584K), 5 survivors (10240K)
}
Event: 98.054 {heap After GC invocations=54 (full 0):
 garbage-first heap   total reserved 3145728K, committed 346112K, used 217960K [0x0000000740000000, 0x0000000800000000)
  region size 2048K, 5 young (10240K), 5 survivors (10240K)
}
Event: 101.765 {heap Before GC invocations=54 (full 0):
 garbage-first heap   total reserved 3145728K, committed 346112K, used 299880K [0x0000000740000000, 0x0000000800000000)
  region size 2048K, 45 young (92160K), 5 survivors (10240K)
}
Event: 101.782 {heap After GC invocations=55 (full 0):
 garbage-first heap   total reserved 3145728K, committed 346112K, used 223080K [0x0000000740000000, 0x0000000800000000)
  region size 2048K, 4 young (8192K), 4 survivors (8192K)
}
Event: 104.781 {heap Before GC invocations=55 (full 0):
 garbage-first heap   total reserved 3145728K, committed 346112K, used 307048K [0x0000000740000000, 0x0000000800000000)
  region size 2048K, 45 young (92160K), 4 survivors (8192K)
}
Event: 104.796 {heap After GC invocations=56 (full 0):
 garbage-first heap   total reserved 3145728K, committed 346112K, used 228078K [0x0000000740000000, 0x0000000800000000)
  region size 2048K, 3 young (6144K), 3 survivors (6144K)
}
Event: 107.656 {heap Before GC invocations=57 (full 0):
 garbage-first heap   total reserved 3145728K, committed 382976K, used 312046K [0x0000000740000000, 0x0000000800000000)
  region size 2048K, 44 young (90112K), 3 survivors (6144K)
}
Event: 107.677 {heap After GC invocations=58 (full 0):
 garbage-first heap   total reserved 3145728K, committed 382976K, used 230962K [0x0000000740000000, 0x0000000800000000)
  region size 2048K, 5 young (10240K), 5 survivors (10240K)
}
Event: 112.519 {heap Before GC invocations=58 (full 0):
 garbage-first heap   total reserved 3145728K, committed 382976K, used 341554K [0x0000000740000000, 0x0000000800000000)
  region size 2048K, 59 young (120832K), 5 survivors (10240K)
}
Event: 112.539 {heap After GC invocations=59 (full 0):
 garbage-first heap   total reserved 3145728K, committed 382976K, used 233658K [0x0000000740000000, 0x0000000800000000)
  region size 2048K, 7 young (14336K), 7 survivors (14336K)
}

