# JRE version: OpenJDK Runtime Environment Temurin-25.0.2+10 (25.0.2+10) (build 25.0.2+10-LTS)
# Java VM: OpenJDK 64-Bit Server VM Temurin-25.0.2+10 (25.0.2+10-LTS, mixed mode, sharing, tiered, compressed oops, compressed class ptrs, g1 gc, windows-amd64)
GC Precious Log:
 CardTable entry size: 512
 Card Set container configuration: InlinePtr #cards 4 size 8 Array Of Cards #cards 16 size 48 Howl #buckets 8 coarsen threshold 3686 Howl Bitmap #cards 512 size 80 coarsen threshold 460 Card regions per heap region 1 cards per card region 4096
 CPUs: 8 total, 8 available
 Memory: 6020M
 Large Page Support: Disabled
 NUMA Support: Disabled
 Compressed Oops: Enabled (Zero based)
 Heap Region Size: 2M
 Heap Min Capacity: 8M
 Heap Initial Capacity: 96M
 Heap Max Capacity: 3G
 Pre-touch: Disabled
 Parallel Workers: 8
 Concurrent Workers: 2
 Concurrent Refinement Workers: 8
 Periodic GC: Disabled
Heap:
 garbage-first heap   total reserved 3145728K, committed 90112K, used 29817K [0x0000000740000000, 0x0000000800000000)
  region size 2048K, 6 young (12288K), 4 survivors (8192K)
GC Heap Usage History (10 events):
Event: 2.158 {heap Before GC invocations=0 (full 0):
 garbage-first heap   total reserved 3145728K, committed 100352K, used 52371K [0x0000000740000000, 0x0000000800000000)
  region size 2048K, 24 young (49152K), 0 survivors (0K)
}
Event: 2.166 {heap After GC invocations=1 (full 0):
 garbage-first heap   total reserved 3145728K, committed 100352K, used 12852K [0x0000000740000000, 0x0000000800000000)
  region size 2048K, 3 young (6144K), 3 survivors (6144K)
}
Event: 3.012 {heap Before GC invocations=1 (full 0):
 garbage-first heap   total reserved 3145728K, committed 100352K, used 49716K [0x0000000740000000, 0x0000000800000000)
  region size 2048K, 21 young (43008K), 3 survivors (6144K)
}
Event: 3.020 {heap After GC invocations=2 (full 0):
 garbage-first heap   total reserved 3145728K, committed 100352K, used 13680K [0x0000000740000000, 0x0000000800000000)
  region size 2048K, 1 young (2048K), 1 survivors (2048K)
}
Event: 5.105 {heap Before GC invocations=2 (full 0):
 garbage-first heap   total reserved 3145728K, committed 100352K, used 60784K [0x0000000740000000, 0x0000000800000000)
  region size 2048K, 24 young (49152K), 1 survivors (2048K)
}
Event: 5.117 {heap After GC invocations=3 (full 0):
 garbage-first heap   total reserved 3145728K, committed 100352K, used 20734K [0x0000000740000000, 0x0000000800000000)
  region size 2048K, 3 young (6144K), 3 survivors (6144K)
}
Event: 7.779 {heap Before GC invocations=3 (full 0):
 garbage-first heap   total reserved 3145728K, committed 100352K, used 63742K [0x0000000740000000, 0x0000000800000000)
  region size 2048K, 25 young (51200K), 3 survivors (6144K)
}
Event: 7.786 {heap After GC invocations=4 (full 0):
 garbage-first heap   total reserved 3145728K, committed 100352K, used 23883K [0x0000000740000000, 0x0000000800000000)
  region size 2048K, 2 young (4096K), 2 survivors (4096K)
}
Event: 10.268 {heap Before GC invocations=4 (full 0):
 garbage-first heap   total reserved 3145728K, committed 100352K, used 42315K [0x0000000740000000, 0x0000000800000000)
  region size 2048K, 13 young (26624K), 2 survivors (4096K)
}
Event: 10.273 {heap After GC invocations=5 (full 0):
 garbage-first heap   total reserved 3145728K, committed 100352K, used 24695K [0x0000000740000000, 0x0000000800000000)
  region size 2048K, 2 young (4096K), 2 survivors (4096K)
}

